2012-04-18 18:42:09,987 ["http-bio-8080"-exec-5] ERROR StackTrace  - Full Stack Trace:
java.io.FileNotFoundException: /home/student/.grails/2.0.0/projects/GitProject/tomcat/work/Tomcat/localhost/GitProject/grails-resources/css/mobile.css (No such file or directory)
	at java.io.FileInputStream.open(Native Method)
	at java.io.FileInputStream.<init>(FileInputStream.java:120)
	at org.codehaus.groovy.runtime.DefaultGroovyMethods.newInputStream(DefaultGroovyMethods.java:16313)
	at org.codehaus.groovy.runtime.dgm$507.invoke(Unknown Source)
	at org.codehaus.groovy.runtime.callsite.PojoMetaMethodSite$PojoMetaMethodSiteNoUnwrapNoCoerce.invoke(PojoMetaMethodSite.java:271)
	at org.codehaus.groovy.runtime.callsite.PojoMetaMethodSite.call(PojoMetaMethodSite.java:53)
	at org.codehaus.groovy.runtime.callsite.AbstractCallSite.call(AbstractCallSite.java:112)
	at org.grails.plugin.resource.ResourceMeta.newInputStream(ResourceMeta.groovy:205)
	at org.grails.plugin.resource.ResourceMeta$newInputStream$0.call(Unknown Source)
	at org.grails.plugin.resource.ResourceProcessor.processModernResource(ResourceProcessor.groovy:290)
	at org.grails.plugin.resource.ResourceProcessor$processModernResource$0.call(Unknown Source)
	at org.grails.plugin.resource.ProcessingFilter.doFilter(ProcessingFilter.groovy:39)
	at org.apache.catalina.core.ApplicationFilterChain.internalDoFilter(ApplicationFilterChain.java:243)
	at org.apache.catalina.core.ApplicationFilterChain.doFilter(ApplicationFilterChain.java:210)
	at org.springframework.web.filter.CharacterEncodingFilter.doFilterInternal(CharacterEncodingFilter.java:88)
	at org.springframework.web.filter.OncePerRequestFilter.doFilter(OncePerRequestFilter.java:76)
	at org.springframework.web.filter.DelegatingFilterProxy.invokeDelegate(DelegatingFilterProxy.java:346)
	at org.springframework.web.filter.DelegatingFilterProxy.doFilter(DelegatingFilterProxy.java:259)
	at org.apache.catalina.core.ApplicationFilterChain.internalDoFilter(ApplicationFilterChain.java:243)
	at org.apache.catalina.core.ApplicationFilterChain.doFilter(ApplicationFilterChain.java:210)
	at org.apache.catalina.core.StandardWrapperValve.invoke(StandardWrapperValve.java:240)
	at org.apache.catalina.core.StandardContextValve.invoke(StandardContextValve.java:164)
	at org.apache.catalina.authenticator.AuthenticatorBase.invoke(AuthenticatorBase.java:462)
	at org.apache.catalina.core.StandardHostValve.invoke(StandardHostValve.java:164)
	at org.apache.catalina.valves.ErrorReportValve.invoke(ErrorReportValve.java:100)
	at org.apache.catalina.core.StandardEngineValve.invoke(StandardEngineValve.java:118)
	at org.apache.catalina.connector.CoyoteAdapter.service(CoyoteAdapter.java:403)
	at org.apache.coyote.http11.Http11Processor.process(Http11Processor.java:301)
	at org.apache.coyote.http11.Http11Protocol$Http11ConnectionHandler.process(Http11Protocol.java:162)
	at org.apache.coyote.http11.Http11Protocol$Http11ConnectionHandler.process(Http11Protocol.java:140)
	at org.apache.tomcat.util.net.JIoEndpoint$SocketProcessor.run(JIoEndpoint.java:309)
	at java.util.concurrent.ThreadPoolExecutor$Worker.runTask(ThreadPoolExecutor.java:886)
	at java.util.concurrent.ThreadPoolExecutor$Worker.run(ThreadPoolExecutor.java:908)
	at java.lang.Thread.run(Thread.java:662)
2012-04-18 18:42:09,996 ["http-bio-8080"-exec-5] ERROR StackTrace  - Full Stack Trace:
java.io.FileNotFoundException: /home/student/.grails/2.0.0/projects/GitProject/tomcat/work/Tomcat/localhost/GitProject/grails-resources/css/mobile.css (No such file or directory)
	at java.io.FileInputStream.<init>(FileInputStream.java:120)
	at org.grails.plugin.resource.ResourceMeta.newInputStream(ResourceMeta.groovy:205)
	at org.grails.plugin.resource.ResourceProcessor.processModernResource(ResourceProcessor.groovy:290)
	at org.grails.plugin.resource.ProcessingFilter.doFilter(ProcessingFilter.groovy:39)
	at java.util.concurrent.ThreadPoolExecutor$Worker.runTask(ThreadPoolExecutor.java:886)
	at java.util.concurrent.ThreadPoolExecutor$Worker.run(ThreadPoolExecutor.java:908)
	at java.lang.Thread.run(Thread.java:662)
2012-04-18 18:42:10,110 ["http-bio-8080"-exec-7] ERROR StackTrace  - Full Stack Trace:
java.io.FileNotFoundException: /home/student/.grails/2.0.0/projects/GitProject/tomcat/work/Tomcat/localhost/GitProject/grails-resources/css/main.css (No such file or directory)
	at java.io.FileInputStream.open(Native Method)
	at java.io.FileInputStream.<init>(FileInputStream.java:120)
	at org.codehaus.groovy.runtime.DefaultGroovyMethods.newInputStream(DefaultGroovyMethods.java:16313)
	at org.codehaus.groovy.runtime.dgm$507.invoke(Unknown Source)
	at org.codehaus.groovy.runtime.callsite.PojoMetaMethodSite$PojoMetaMethodSiteNoUnwrapNoCoerce.invoke(PojoMetaMethodSite.java:271)
	at org.codehaus.groovy.runtime.callsite.PojoMetaMethodSite.call(PojoMetaMethodSite.java:53)
	at org.codehaus.groovy.runtime.callsite.AbstractCallSite.call(AbstractCallSite.java:112)
	at org.grails.plugin.resource.ResourceMeta.newInputStream(ResourceMeta.groovy:205)
	at org.grails.plugin.resource.ResourceMeta$newInputStream$0.call(Unknown Source)
	at org.grails.plugin.resource.ResourceProcessor.processModernResource(ResourceProcessor.groovy:290)
	at org.grails.plugin.resource.ResourceProcessor$processModernResource$0.call(Unknown Source)
	at org.grails.plugin.resource.ProcessingFilter.doFilter(ProcessingFilter.groovy:39)
	at org.apache.catalina.core.ApplicationFilterChain.internalDoFilter(ApplicationFilterChain.java:243)
	at org.apache.catalina.core.ApplicationFilterChain.doFilter(ApplicationFilterChain.java:210)
	at org.springframework.web.filter.CharacterEncodingFilter.doFilterInternal(CharacterEncodingFilter.java:88)
	at org.springframework.web.filter.OncePerRequestFilter.doFilter(OncePerRequestFilter.java:76)
	at org.springframework.web.filter.DelegatingFilterProxy.invokeDelegate(DelegatingFilterProxy.java:346)
	at org.springframework.web.filter.DelegatingFilterProxy.doFilter(DelegatingFilterProxy.java:259)
	at org.apache.catalina.core.ApplicationFilterChain.internalDoFilter(ApplicationFilterChain.java:243)
	at org.apache.catalina.core.ApplicationFilterChain.doFilter(ApplicationFilterChain.java:210)
	at org.apache.catalina.core.StandardWrapperValve.invoke(StandardWrapperValve.java:240)
	at org.apache.catalina.core.StandardContextValve.invoke(StandardContextValve.java:164)
	at org.apache.catalina.authenticator.AuthenticatorBase.invoke(AuthenticatorBase.java:462)
	at org.apache.catalina.core.StandardHostValve.invoke(StandardHostValve.java:164)
	at org.apache.catalina.valves.ErrorReportValve.invoke(ErrorReportValve.java:100)
	at org.apache.catalina.core.StandardEngineValve.invoke(StandardEngineValve.java:118)
	at org.apache.catalina.connector.CoyoteAdapter.service(CoyoteAdapter.java:403)
	at org.apache.coyote.http11.Http11Processor.process(Http11Processor.java:301)
	at org.apache.coyote.http11.Http11Protocol$Http11ConnectionHandler.process(Http11Protocol.java:162)
	at org.apache.tomcat.util.net.JIoEndpoint$SocketProcessor.run(JIoEndpoint.java:309)
	at java.util.concurrent.ThreadPoolExecutor$Worker.runTask(ThreadPoolExecutor.java:886)
	at java.util.concurrent.ThreadPoolExecutor$Worker.run(ThreadPoolExecutor.java:908)
	at java.lang.Thread.run(Thread.java:662)
2012-04-18 18:42:10,111 ["http-bio-8080"-exec-7] ERROR StackTrace  - Full Stack Trace:
java.io.FileNotFoundException: /home/student/.grails/2.0.0/projects/GitProject/tomcat/work/Tomcat/localhost/GitProject/grails-resources/css/main.css (No such file or directory)
	at java.io.FileInputStream.<init>(FileInputStream.java:120)
	at org.grails.plugin.resource.ResourceMeta.newInputStream(ResourceMeta.groovy:205)
	at org.grails.plugin.resource.ResourceProcessor.processModernResource(ResourceProcessor.groovy:290)
	at org.grails.plugin.resource.ProcessingFilter.doFilter(ProcessingFilter.groovy:39)
	at java.util.concurrent.ThreadPoolExecutor$Worker.runTask(ThreadPoolExecutor.java:886)
	at java.util.concurrent.ThreadPoolExecutor$Worker.run(ThreadPoolExecutor.java:908)
	at java.lang.Thread.run(Thread.java:662)
2012-04-18 18:42:10,115 ["http-bio-8080"-exec-4] ERROR StackTrace  - Full Stack Trace:
java.io.FileNotFoundException: /home/student/.grails/2.0.0/projects/GitProject/tomcat/work/Tomcat/localhost/GitProject/grails-resources/images/grails_logo.png (No such file or directory)
	at java.io.FileInputStream.open(Native Method)
	at java.io.FileInputStream.<init>(FileInputStream.java:120)
	at org.codehaus.groovy.runtime.DefaultGroovyMethods.newInputStream(DefaultGroovyMethods.java:16313)
	at org.codehaus.groovy.runtime.dgm$507.invoke(Unknown Source)
	at org.codehaus.groovy.runtime.callsite.PojoMetaMethodSite$PojoMetaMethodSiteNoUnwrapNoCoerce.invoke(PojoMetaMethodSite.java:271)
	at org.codehaus.groovy.runtime.callsite.PojoMetaMethodSite.call(PojoMetaMethodSite.java:53)
	at org.codehaus.groovy.runtime.callsite.AbstractCallSite.call(AbstractCallSite.java:112)
	at org.grails.plugin.resource.ResourceMeta.newInputStream(ResourceMeta.groovy:205)
	at org.grails.plugin.resource.ResourceMeta$newInputStream$0.call(Unknown Source)
	at org.grails.plugin.resource.ResourceProcessor.processModernResource(ResourceProcessor.groovy:290)
	at org.grails.plugin.resource.ResourceProcessor$processModernResource$0.call(Unknown Source)
	at org.grails.plugin.resource.ProcessingFilter.doFilter(ProcessingFilter.groovy:39)
	at org.apache.catalina.core.ApplicationFilterChain.internalDoFilter(ApplicationFilterChain.java:243)
	at org.apache.catalina.core.ApplicationFilterChain.doFilter(ApplicationFilterChain.java:210)
	at org.springframework.web.filter.CharacterEncodingFilter.doFilterInternal(CharacterEncodingFilter.java:88)
	at org.springframework.web.filter.OncePerRequestFilter.doFilter(OncePerRequestFilter.java:76)
	at org.springframework.web.filter.DelegatingFilterProxy.invokeDelegate(DelegatingFilterProxy.java:346)
	at org.springframework.web.filter.DelegatingFilterProxy.doFilter(DelegatingFilterProxy.java:259)
	at org.apache.catalina.core.ApplicationFilterChain.internalDoFilter(ApplicationFilterChain.java:243)
	at org.apache.catalina.core.ApplicationFilterChain.doFilter(ApplicationFilterChain.java:210)
	at org.apache.catalina.core.StandardWrapperValve.invoke(StandardWrapperValve.java:240)
	at org.apache.catalina.core.StandardContextValve.invoke(StandardContextValve.java:164)
	at org.apache.catalina.authenticator.AuthenticatorBase.invoke(AuthenticatorBase.java:462)
	at org.apache.catalina.core.StandardHostValve.invoke(StandardHostValve.java:164)
	at org.apache.catalina.valves.ErrorReportValve.invoke(ErrorReportValve.java:100)
	at org.apache.catalina.core.StandardEngineValve.invoke(StandardEngineValve.java:118)
	at org.apache.catalina.connector.CoyoteAdapter.service(CoyoteAdapter.java:403)
	at org.apache.coyote.http11.Http11Processor.process(Http11Processor.java:301)
	at org.apache.coyote.http11.Http11Protocol$Http11ConnectionHandler.process(Http11Protocol.java:162)
	at org.apache.coyote.http11.Http11Protocol$Http11ConnectionHandler.process(Http11Protocol.java:140)
	at org.apache.tomcat.util.net.JIoEndpoint$SocketProcessor.run(JIoEndpoint.java:309)
	at java.util.concurrent.ThreadPoolExecutor$Worker.runTask(ThreadPoolExecutor.java:886)
	at java.util.concurrent.ThreadPoolExecutor$Worker.run(ThreadPoolExecutor.java:908)
	at java.lang.Thread.run(Thread.java:662)
2012-04-18 18:42:10,115 ["http-bio-8080"-exec-4] ERROR StackTrace  - Full Stack Trace:
java.io.FileNotFoundException: /home/student/.grails/2.0.0/projects/GitProject/tomcat/work/Tomcat/localhost/GitProject/grails-resources/images/grails_logo.png (No such file or directory)
	at java.io.FileInputStream.<init>(FileInputStream.java:120)
	at org.grails.plugin.resource.ResourceMeta.newInputStream(ResourceMeta.groovy:205)
	at org.grails.plugin.resource.ResourceProcessor.processModernResource(ResourceProcessor.groovy:290)
	at org.grails.plugin.resource.ProcessingFilter.doFilter(ProcessingFilter.groovy:39)
	at java.util.concurrent.ThreadPoolExecutor$Worker.runTask(ThreadPoolExecutor.java:886)
	at java.util.concurrent.ThreadPoolExecutor$Worker.run(ThreadPoolExecutor.java:908)
	at java.lang.Thread.run(Thread.java:662)
2012-04-18 18:42:10,140 ["http-bio-8080"-exec-2] ERROR StackTrace  - Full Stack Trace:
java.io.FileNotFoundException: /home/student/.grails/2.0.0/projects/GitProject/tomcat/work/Tomcat/localhost/GitProject/grails-resources/js/application.js (No such file or directory)
	at java.io.FileInputStream.open(Native Method)
	at java.io.FileInputStream.<init>(FileInputStream.java:120)
	at org.codehaus.groovy.runtime.DefaultGroovyMethods.newInputStream(DefaultGroovyMethods.java:16313)
	at org.codehaus.groovy.runtime.dgm$507.invoke(Unknown Source)
	at org.codehaus.groovy.runtime.callsite.PojoMetaMethodSite$PojoMetaMethodSiteNoUnwrapNoCoerce.invoke(PojoMetaMethodSite.java:271)
	at org.codehaus.groovy.runtime.callsite.PojoMetaMethodSite.call(PojoMetaMethodSite.java:53)
	at org.codehaus.groovy.runtime.callsite.AbstractCallSite.call(AbstractCallSite.java:112)
	at org.grails.plugin.resource.ResourceMeta.newInputStream(ResourceMeta.groovy:205)
	at org.grails.plugin.resource.ResourceMeta$newInputStream$0.call(Unknown Source)
	at org.grails.plugin.resource.ResourceProcessor.processModernResource(ResourceProcessor.groovy:290)
	at org.grails.plugin.resource.ResourceProcessor$processModernResource$0.call(Unknown Source)
	at org.grails.plugin.resource.ProcessingFilter.doFilter(ProcessingFilter.groovy:39)
	at org.apache.catalina.core.ApplicationFilterChain.internalDoFilter(ApplicationFilterChain.java:243)
	at org.apache.catalina.core.ApplicationFilterChain.doFilter(ApplicationFilterChain.java:210)
	at org.springframework.web.filter.CharacterEncodingFilter.doFilterInternal(CharacterEncodingFilter.java:88)
	at org.springframework.web.filter.OncePerRequestFilter.doFilter(OncePerRequestFilter.java:76)
	at org.springframework.web.filter.DelegatingFilterProxy.invokeDelegate(DelegatingFilterProxy.java:346)
	at org.springframework.web.filter.DelegatingFilterProxy.doFilter(DelegatingFilterProxy.java:259)
	at org.apache.catalina.core.ApplicationFilterChain.internalDoFilter(ApplicationFilterChain.java:243)
	at org.apache.catalina.core.ApplicationFilterChain.doFilter(ApplicationFilterChain.java:210)
	at org.apache.catalina.core.StandardWrapperValve.invoke(StandardWrapperValve.java:240)
	at org.apache.catalina.core.StandardContextValve.invoke(StandardContextValve.java:164)
	at org.apache.catalina.authenticator.AuthenticatorBase.invoke(AuthenticatorBase.java:462)
	at org.apache.catalina.core.StandardHostValve.invoke(StandardHostValve.java:164)
	at org.apache.catalina.valves.ErrorReportValve.invoke(ErrorReportValve.java:100)
	at org.apache.catalina.core.StandardEngineValve.invoke(StandardEngineValve.java:118)
	at org.apache.catalina.connector.CoyoteAdapter.service(CoyoteAdapter.java:403)
	at org.apache.coyote.http11.Http11Processor.process(Http11Processor.java:301)
	at org.apache.coyote.http11.Http11Protocol$Http11ConnectionHandler.process(Http11Protocol.java:162)
	at org.apache.coyote.http11.Http11Protocol$Http11ConnectionHandler.process(Http11Protocol.java:140)
	at org.apache.tomcat.util.net.JIoEndpoint$SocketProcessor.run(JIoEndpoint.java:309)
	at java.util.concurrent.ThreadPoolExecutor$Worker.runTask(ThreadPoolExecutor.java:886)
	at java.util.concurrent.ThreadPoolExecutor$Worker.run(ThreadPoolExecutor.java:908)
	at java.lang.Thread.run(Thread.java:662)
2012-04-18 18:42:10,140 ["http-bio-8080"-exec-2] ERROR StackTrace  - Full Stack Trace:
java.io.FileNotFoundException: /home/student/.grails/2.0.0/projects/GitProject/tomcat/work/Tomcat/localhost/GitProject/grails-resources/js/application.js (No such file or directory)
	at java.io.FileInputStream.<init>(FileInputStream.java:120)
	at org.grails.plugin.resource.ResourceMeta.newInputStream(ResourceMeta.groovy:205)
	at org.grails.plugin.resource.ResourceProcessor.processModernResource(ResourceProcessor.groovy:290)
	at org.grails.plugin.resource.ProcessingFilter.doFilter(ProcessingFilter.groovy:39)
	at java.util.concurrent.ThreadPoolExecutor$Worker.runTask(ThreadPoolExecutor.java:886)
	at java.util.concurrent.ThreadPoolExecutor$Worker.run(ThreadPoolExecutor.java:908)
	at java.lang.Thread.run(Thread.java:662)
2012-04-18 18:42:10,219 ["http-bio-8080"-exec-5] ERROR StackTrace  - Full Stack Trace:
java.io.FileNotFoundException: /home/student/.grails/2.0.0/projects/GitProject/tomcat/work/Tomcat/localhost/GitProject/grails-resources/css/mobile.css (No such file or directory)
	at java.io.FileInputStream.<init>(FileInputStream.java:120)
	at org.grails.plugin.resource.ResourceMeta.newInputStream(ResourceMeta.groovy:205)
	at org.grails.plugin.resource.ResourceProcessor.processModernResource(ResourceProcessor.groovy:290)
	at org.grails.plugin.resource.ProcessingFilter.doFilter(ProcessingFilter.groovy:39)
	at java.util.concurrent.ThreadPoolExecutor$Worker.runTask(ThreadPoolExecutor.java:886)
	at java.util.concurrent.ThreadPoolExecutor$Worker.run(ThreadPoolExecutor.java:908)
	at java.lang.Thread.run(Thread.java:662)
2012-04-18 18:42:10,220 ["http-bio-8080"-exec-5] ERROR StackTrace  - Full Stack Trace:
java.io.FileNotFoundException: /home/student/.grails/2.0.0/projects/GitProject/tomcat/work/Tomcat/localhost/GitProject/grails-resources/css/mobile.css (No such file or directory)
	at java.io.FileInputStream.<init>(FileInputStream.java:120)
	at org.grails.plugin.resource.ResourceMeta.newInputStream(ResourceMeta.groovy:205)
	at org.grails.plugin.resource.ResourceProcessor.processModernResource(ResourceProcessor.groovy:290)
	at org.grails.plugin.resource.ProcessingFilter.doFilter(ProcessingFilter.groovy:39)
	at java.util.concurrent.ThreadPoolExecutor$Worker.runTask(ThreadPoolExecutor.java:886)
	at java.util.concurrent.ThreadPoolExecutor$Worker.run(ThreadPoolExecutor.java:908)
	at java.lang.Thread.run(Thread.java:662)
2012-04-18 18:42:10,221 ["http-bio-8080"-exec-4] ERROR StackTrace  - Full Stack Trace:
java.io.FileNotFoundException: /home/student/.grails/2.0.0/projects/GitProject/tomcat/work/Tomcat/localhost/GitProject/grails-resources/images/grails_logo.png (No such file or directory)
	at java.io.FileInputStream.<init>(FileInputStream.java:120)
	at org.grails.plugin.resource.ResourceMeta.newInputStream(ResourceMeta.groovy:205)
	at org.grails.plugin.resource.ResourceProcessor.processModernResource(ResourceProcessor.groovy:290)
	at org.grails.plugin.resource.ProcessingFilter.doFilter(ProcessingFilter.groovy:39)
	at java.util.concurrent.ThreadPoolExecutor$Worker.runTask(ThreadPoolExecutor.java:886)
	at java.util.concurrent.ThreadPoolExecutor$Worker.run(ThreadPoolExecutor.java:908)
	at java.lang.Thread.run(Thread.java:662)
2012-04-18 18:42:10,221 ["http-bio-8080"-exec-4] ERROR StackTrace  - Full Stack Trace:
java.io.FileNotFoundException: /home/student/.grails/2.0.0/projects/GitProject/tomcat/work/Tomcat/localhost/GitProject/grails-resources/images/grails_logo.png (No such file or directory)
	at java.io.FileInputStream.<init>(FileInputStream.java:120)
	at org.grails.plugin.resource.ResourceMeta.newInputStream(ResourceMeta.groovy:205)
	at org.grails.plugin.resource.ResourceProcessor.processModernResource(ResourceProcessor.groovy:290)
	at org.grails.plugin.resource.ProcessingFilter.doFilter(ProcessingFilter.groovy:39)
	at java.util.concurrent.ThreadPoolExecutor$Worker.runTask(ThreadPoolExecutor.java:886)
	at java.util.concurrent.ThreadPoolExecutor$Worker.run(ThreadPoolExecutor.java:908)
	at java.lang.Thread.run(Thread.java:662)
2012-04-18 18:42:10,223 ["http-bio-8080"-exec-2] ERROR StackTrace  - Full Stack Trace:
java.io.FileNotFoundException: /home/student/.grails/2.0.0/projects/GitProject/tomcat/work/Tomcat/localhost/GitProject/grails-resources/js/application.js (No such file or directory)
	at java.io.FileInputStream.<init>(FileInputStream.java:120)
	at org.grails.plugin.resource.ResourceMeta.newInputStream(ResourceMeta.groovy:205)
	at org.grails.plugin.resource.ResourceProcessor.processModernResource(ResourceProcessor.groovy:290)
	at org.grails.plugin.resource.ProcessingFilter.doFilter(ProcessingFilter.groovy:39)
	at java.util.concurrent.ThreadPoolExecutor$Worker.runTask(ThreadPoolExecutor.java:886)
	at java.util.concurrent.ThreadPoolExecutor$Worker.run(ThreadPoolExecutor.java:908)
	at java.lang.Thread.run(Thread.java:662)
2012-04-18 18:42:10,223 ["http-bio-8080"-exec-2] ERROR StackTrace  - Full Stack Trace:
java.io.FileNotFoundException: /home/student/.grails/2.0.0/projects/GitProject/tomcat/work/Tomcat/localhost/GitProject/grails-resources/js/application.js (No such file or directory)
	at java.io.FileInputStream.<init>(FileInputStream.java:120)
	at org.grails.plugin.resource.ResourceMeta.newInputStream(ResourceMeta.groovy:205)
	at org.grails.plugin.resource.ResourceProcessor.processModernResource(ResourceProcessor.groovy:290)
	at org.grails.plugin.resource.ProcessingFilter.doFilter(ProcessingFilter.groovy:39)
	at java.util.concurrent.ThreadPoolExecutor$Worker.runTask(ThreadPoolExecutor.java:886)
	at java.util.concurrent.ThreadPoolExecutor$Worker.run(ThreadPoolExecutor.java:908)
	at java.lang.Thread.run(Thread.java:662)
2012-04-18 18:42:10,227 ["http-bio-8080"-exec-7] ERROR StackTrace  - Full Stack Trace:
java.io.FileNotFoundException: /home/student/.grails/2.0.0/projects/GitProject/tomcat/work/Tomcat/localhost/GitProject/grails-resources/css/main.css (No such file or directory)
	at java.io.FileInputStream.<init>(FileInputStream.java:120)
	at org.grails.plugin.resource.ResourceMeta.newInputStream(ResourceMeta.groovy:205)
	at org.grails.plugin.resource.ResourceProcessor.processModernResource(ResourceProcessor.groovy:290)
	at org.grails.plugin.resource.ProcessingFilter.doFilter(ProcessingFilter.groovy:39)
	at java.util.concurrent.ThreadPoolExecutor$Worker.runTask(ThreadPoolExecutor.java:886)
	at java.util.concurrent.ThreadPoolExecutor$Worker.run(ThreadPoolExecutor.java:908)
	at java.lang.Thread.run(Thread.java:662)
2012-04-18 18:42:10,227 ["http-bio-8080"-exec-7] ERROR StackTrace  - Full Stack Trace:
java.io.FileNotFoundException: /home/student/.grails/2.0.0/projects/GitProject/tomcat/work/Tomcat/localhost/GitProject/grails-resources/css/main.css (No such file or directory)
	at java.io.FileInputStream.<init>(FileInputStream.java:120)
	at org.grails.plugin.resource.ResourceMeta.newInputStream(ResourceMeta.groovy:205)
	at org.grails.plugin.resource.ResourceProcessor.processModernResource(ResourceProcessor.groovy:290)
	at org.grails.plugin.resource.ProcessingFilter.doFilter(ProcessingFilter.groovy:39)
	at java.util.concurrent.ThreadPoolExecutor$Worker.runTask(ThreadPoolExecutor.java:886)
	at java.util.concurrent.ThreadPoolExecutor$Worker.run(ThreadPoolExecutor.java:908)
	at java.lang.Thread.run(Thread.java:662)
